#
# A fatal error has been detected by the Java Runtime Environment:
#
#  EXCEPTION_ACCESS_VIOLATION (0xc0000005) at pc=0x000000007110b5db, pid=18504, tid=14112
#
# JRE version: Java(TM) SE Runtime Environment (19.0.2+7) (build 19.0.2+7-44)
# Java VM: Java HotSpot(TM) 64-Bit Server VM (19.0.2+7-44, mixed mode, sharing, tiered, compressed oops, compressed class ptrs, g1 gc, windows-amd64)
# Problematic frame:
# C  [jSSC-2.8_x86_64.dll+0xb5db]
#
# No core dump will be written. Minidumps are not enabled by default on client versions of Windows
#
# If you would like to submit a bug report, please visit:
#   https://bugreport.java.com/bugreport/crash.jsp
# The crash happened outside the Java Virtual Machine in native code.
# See problematic frame for where to report the bug.
#

---------------  S U M M A R Y ------------

Command Line: com.geekmarket.arduinoconexion.ArduinoConexion

Host: 11th Gen Intel(R) Core(TM) i5-11400H @ 2.70GHz, 12 cores, 15G,  Windows 11 , 64 bit Build 22621 (10.0.22621.1485)
Time: Thu May 25 21:00:47 2023 Hora estándar, América Central elapsed time: 0.414989 seconds (0d 0h 0m 0s)

---------------  T H R E A D  ---------------

Current thread (0x0000027ca3a82040):  JavaThread "main" [_thread_in_native, id=14112, stack(0x000000cd99900000,0x000000cd99a00000)]

Stack: [0x000000cd99900000,0x000000cd99a00000],  sp=0x000000cd999ff140,  free space=1020k
Native frames: (J=compiled Java code, j=interpreted, Vv=VM code, C=native code)
C  [jSSC-2.8_x86_64.dll+0xb5db]

Java frames: (J=compiled Java code, j=interpreted, Vv=VM code)
j  jssc.SerialNativeInterface.openPort(Ljava/lang/String;Z)J+0
j  jssc.SerialPort.openPort()Z+65
j  com.panamahitek.PanamaHitek_Arduino.arduinoRXTX(Ljava/lang/String;ILjssc/SerialPortEventListener;)V+58
j  com.geekmarket.arduinoconexion.Ventana.<init>()V+203
j  com.geekmarket.arduinoconexion.ArduinoConexion.main([Ljava/lang/String;)V+12
v  ~StubRoutines::call_stub 0x0000027cb2f110e8

siginfo: EXCEPTION_ACCESS_VIOLATION (0xc0000005), reading address 0xffffffffa1a92a7c


Registers:
RAX=0xffffffffa1a92a7c, RBX=0x000000cd999ff1b0, RCX=0x00007fff58deee34, RDX=0x0000000000000000
RSP=0x000000cd999ff140, RBP=0x000000cd999ff2c0, RSI=0x0000027ca3a82320, RDI=0x000000000000047c
R8 =0x000000cd999ff038, R9 =0x0000000000000000, R10=0x0000000000000000, R11=0x0000000000000246
R12=0x000000cd999ff380, R13=0x0000027ccd074630, R14=0x000000cd999ff270, R15=0x0000027ca3a82040
RIP=0x000000007110b5db, EFLAGS=0x0000000000010206


Register to memory mapping:

RIP=0x000000007110b5db jSSC-2.8_x86_64.dll
RAX=0xffffffffa1a92a7c is an unknown value
RBX=0x000000cd999ff1b0 is pointing into the stack for thread: 0x0000027ca3a82040
RCX=0x00007fff58deee34 ntdll.dll
RDX=0x0 is NULL
RSP=0x000000cd999ff140 is pointing into the stack for thread: 0x0000027ca3a82040
RBP=0x000000cd999ff2c0 is pointing into the stack for thread: 0x0000027ca3a82040
RSI=0x0000027ca3a82320 points into unknown readable memory: 0x00007ffec2eaf9a0 | a0 f9 ea c2 fe 7f 00 00
RDI=0x000000000000047c is an unknown value
R8 =0x000000cd999ff038 is pointing into the stack for thread: 0x0000027ca3a82040
R9 =0x0 is NULL
R10=0x0 is NULL
R11=0x0000000000000246 is an unknown value
R12=0x000000cd999ff380 is pointing into the stack for thread: 0x0000027ca3a82040
R13=0x0000027ccd074630 points into unknown readable memory: 0x000000000000005c | 5c 00 00 00 00 00 00 00
R14=0x000000cd999ff270 is pointing into the stack for thread: 0x0000027ca3a82040
R15=0x0000027ca3a82040 is a thread


Top of Stack: (sp=0x000000cd999ff140)
0x000000cd999ff140:   0000000000000000 0000000000000000
0x000000cd999ff150:   000000007110b230 00007ffec241403b
0x000000cd999ff160:   0000027ca3a82040 0000000000000004
0x000000cd999ff170:   0000027ca3a82320 000000000000047c
0x000000cd999ff180:   000000cd999ff2c0 0000000071112590
0x000000cd999ff190:   0000027ccd074620 0000027ca17e0000
0x000000cd999ff1a0:   000000cd999ff2c0 0000000000000000
0x000000cd999ff1b0:   0000000000000000 0000000000000000
0x000000cd999ff1c0:   000000000000047c 00007fff568f37eb
0x000000cd999ff1d0:   0000027ccd074630 0000027ca3a82320
0x000000cd999ff1e0:   0000000071113500 0000000071113be8
0x000000cd999ff1f0:   000000cd999ff220 0000000071112641
0x000000cd999ff200:   000000cd999ff190 0000000000000000
0x000000cd999ff210:   0000000000000000 0000000000000000
0x000000cd999ff220:   000000cd999ff2c0 0000000071101595
0x000000cd999ff230:   000000000000001c 000000cd999ff280 

Instructions: (pc=0x000000007110b5db)
0x000000007110b4db:   48 85 c0 74 bf 44 8b 03 45 85 c0 0f 84 77 ff ff
0x000000007110b4eb:   ff eb 9f 66 90 e8 8b fe ff ff 48 89 05 0c 34 01
0x000000007110b4fb:   00 eb ad 66 90 e8 7b fe ff ff 48 89 05 fc 33 01
0x000000007110b50b:   00 eb 8b e8 8d fe ff ff c7 03 01 00 00 00 e9 6f
0x000000007110b51b:   ff ff ff 66 90 55 48 89 e5 56 53 48 83 ec 20 48
0x000000007110b52b:   8b 05 d7 33 01 00 48 8b 31 48 89 cb 48 85 c0 74
0x000000007110b53b:   56 44 8b 18 45 85 db 78 42 48 8b 05 bd 33 01 00
0x000000007110b54b:   48 85 c0 74 50 44 8b 10 45 85 d2 74 1d 48 89 f1
0x000000007110b55b:   e8 d0 fd ff ff 48 8b 13 48 8d 42 40 48 8b 48 08
0x000000007110b56b:   48 8b 6a 40 48 8b 60 10 ff e1 48 8b 05 9c 33 01
0x000000007110b57b:   00 48 85 c0 74 2d 48 89 30 eb da e8 b5 fe ff ff
0x000000007110b58b:   0f 1f 44 00 00 eb b2 e8 e9 fd ff ff 48 89 05 6a
0x000000007110b59b:   33 01 00 eb 9c e8 db fd ff ff 48 89 05 5c 33 01
0x000000007110b5ab:   00 eb a2 e8 3d fd ff ff 48 89 05 5e 33 01 00 eb
0x000000007110b5bb:   c5 0f 1f 40 00 55 57 56 53 48 83 ec 28 48 8b 05
0x000000007110b5cb:   39 33 01 00 48 89 cb 48 85 c0 0f 84 c5 00 00 00
0x000000007110b5db:   8b 38 85 ff 0f 88 ab 00 00 00 48 8b 05 1c 33 01
0x000000007110b5eb:   00 48 85 c0 0f 84 bc 00 00 00 8b 30 85 f6 74 57
0x000000007110b5fb:   48 8b 05 0e 33 01 00 48 85 c0 0f 84 e5 00 00 00
0x000000007110b60b:   8b 28 48 8b 35 10 5e 01 00 ff d6 89 c7 89 e9 ff
0x000000007110b61b:   15 f4 5e 01 00 89 f9 48 89 c5 ff 15 b9 5e 01 00
0x000000007110b62b:   48 8b 05 de 32 01 00 48 89 2b 48 85 c0 74 46 48
0x000000007110b63b:   89 da 8b 08 ff 15 d7 5e 01 00 85 c0 74 27 48 83
0x000000007110b64b:   c4 28 5b 5e 5f 5d c3 48 8b 05 bf 32 01 00 48 85
0x000000007110b65b:   c0 74 64 48 8b 10 48 89 13 48 89 18 48 83 c4 28
0x000000007110b66b:   5b 5e 5f 5d c3 48 89 f2 48 83 c4 28 5b 5e 5f 5d
0x000000007110b67b:   48 ff e2 66 90 e8 8b fc ff ff 48 89 05 84 32 01
0x000000007110b68b:   00 eb ac 66 90 e8 ab fd ff ff e9 4b ff ff ff 66
0x000000007110b69b:   0f 1f 44 00 00 e8 db fc ff ff 48 89 05 5c 32 01
0x000000007110b6ab:   00 e9 2a ff ff ff e8 ca fc ff ff 48 89 05 4b 32
0x000000007110b6bb:   01 00 e9 33 ff ff ff e8 29 fc ff ff 48 89 05 4a
0x000000007110b6cb:   32 01 00 48 8b 10 48 85 c0 48 89 13 75 8b e8 12 


Stack slot to memory mapping:
stack at sp + 0 slots: 0x0 is NULL
stack at sp + 1 slots: 0x0 is NULL
stack at sp + 2 slots: 0x000000007110b230 jSSC-2.8_x86_64.dll
stack at sp + 3 slots: 0x00007ffec241403b jvm.dll
stack at sp + 4 slots: 0x0000027ca3a82040 is a thread
stack at sp + 5 slots: 0x0000000000000004 is an unknown value
stack at sp + 6 slots: 0x0000027ca3a82320 points into unknown readable memory: 0x00007ffec2eaf9a0 | a0 f9 ea c2 fe 7f 00 00
stack at sp + 7 slots: 0x000000000000047c is an unknown value


---------------  P R O C E S S  ---------------

Threads class SMR info:
_java_thread_list=0x0000027ccb593d50, length=20, elements={
0x0000027ca3a82040, 0x0000027cc71f3fe0, 0x0000027cc71f4a00, 0x0000027cc71f6970,
0x0000027cc71f9700, 0x0000027cc71fa8c0, 0x0000027cc71fe300, 0x0000027cc7207000,
0x0000027cc7213330, 0x0000027cc71fd860, 0x0000027cc71fcdc0, 0x0000027cc71fb880,
0x0000027cc7215a20, 0x0000027cc71fc320, 0x0000027cc71fc870, 0x0000027cc71fbdd0,
0x0000027cc71fe850, 0x0000027cc71fd310, 0x0000027cc7214970, 0x0000027cc71fddb0
}

Java Threads: ( => current thread )
=>0x0000027ca3a82040 JavaThread "main" [_thread_in_native, id=14112, stack(0x000000cd99900000,0x000000cd99a00000)]
  0x0000027cc71f3fe0 JavaThread "Reference Handler" daemon [_thread_blocked, id=11776, stack(0x000000cd9a000000,0x000000cd9a100000)]
  0x0000027cc71f4a00 JavaThread "Finalizer" daemon [_thread_blocked, id=2160, stack(0x000000cd9a100000,0x000000cd9a200000)]
  0x0000027cc71f6970 JavaThread "Signal Dispatcher" daemon [_thread_blocked, id=19808, stack(0x000000cd9a200000,0x000000cd9a300000)]
  0x0000027cc71f9700 JavaThread "Attach Listener" daemon [_thread_blocked, id=17448, stack(0x000000cd9a300000,0x000000cd9a400000)]
  0x0000027cc71fa8c0 JavaThread "Service Thread" daemon [_thread_blocked, id=16520, stack(0x000000cd9a400000,0x000000cd9a500000)]
  0x0000027cc71fe300 JavaThread "Monitor Deflation Thread" daemon [_thread_blocked, id=19392, stack(0x000000cd9a500000,0x000000cd9a600000)]
  0x0000027cc7207000 JavaThread "C2 CompilerThread0" daemon [_thread_blocked, id=3884, stack(0x000000cd9a600000,0x000000cd9a700000)]
  0x0000027cc7213330 JavaThread "C1 CompilerThread0" daemon [_thread_blocked, id=15448, stack(0x000000cd9a700000,0x000000cd9a800000)]
  0x0000027cc71fd860 JavaThread "Sweeper thread" daemon [_thread_blocked, id=1664, stack(0x000000cd9a800000,0x000000cd9a900000)]
  0x0000027cc71fcdc0 JavaThread "Notification Thread" daemon [_thread_blocked, id=8604, stack(0x000000cd9a900000,0x000000cd9aa00000)]
  0x0000027cc71fb880 JavaThread "Common-Cleaner" daemon [_thread_blocked, id=16484, stack(0x000000cd9ab00000,0x000000cd9ac00000)]
  0x0000027cc7215a20 JavaThread "C2 CompilerThread1" daemon [_thread_blocked, id=8972, stack(0x000000cd9ac00000,0x000000cd9ad00000)]
  0x0000027cc71fc320 JavaThread "Java2D Disposer" daemon [_thread_blocked, id=19624, stack(0x000000cd9ad00000,0x000000cd9ae00000)]
  0x0000027cc71fc870 JavaThread "AWT-Shutdown" [_thread_blocked, id=15872, stack(0x000000cd9ae00000,0x000000cd9af00000)]
  0x0000027cc71fbdd0 JavaThread "AWT-Windows" daemon [_thread_in_native, id=9664, stack(0x000000cd9af00000,0x000000cd9b000000)]
  0x0000027cc71fe850 JavaThread "Image Fetcher 0" daemon [_thread_blocked, id=5852, stack(0x000000cd9b000000,0x000000cd9b100000)]
  0x0000027cc71fd310 JavaThread "Image Fetcher 1" daemon [_thread_blocked, id=3680, stack(0x000000cd9b100000,0x000000cd9b200000)]
  0x0000027cc7214970 JavaThread "C2 CompilerThread2" daemon [_thread_in_native, id=3356, stack(0x000000cd9b200000,0x000000cd9b300000)]
  0x0000027cc71fddb0 JavaThread "AWT-EventQueue-0" [_thread_blocked, id=19828, stack(0x000000cd9b300000,0x000000cd9b400000)]

Other Threads:
  0x0000027cc71d8950 VMThread "VM Thread" [stack: 0x000000cd99f00000,0x000000cd9a000000] [id=3316]
  0x0000027ccb5185a0 WatcherThread "VM Periodic Task Thread" [stack: 0x000000cd9aa00000,0x000000cd9ab00000] [id=14776]
  0x0000027ca3af0cf0 WorkerThread "GC Thread#0" [stack: 0x000000cd99a00000,0x000000cd99b00000] [id=13892]
  0x0000027ca3b02b00 ConcurrentGCThread "G1 Main Marker" [stack: 0x000000cd99b00000,0x000000cd99c00000] [id=17948]
  0x0000027ca3b03bd0 WorkerThread "G1 Conc#0" [stack: 0x000000cd99c00000,0x000000cd99d00000] [id=15704]
  0x0000027cc70915c0 ConcurrentGCThread "G1 Refine#0" [stack: 0x000000cd99d00000,0x000000cd99e00000] [id=13364]
  0x0000027cc7091f10 ConcurrentGCThread "G1 Service" [stack: 0x000000cd99e00000,0x000000cd99f00000] [id=17620]

Threads with active compile tasks:
C2 CompilerThread2      435  998 % !   4       sun.awt.image.PNGImageDecoder::produceImage @ 960 (1917 bytes)

VM state: not at safepoint (normal execution)

VM Mutex/Monitor currently owned by a thread: None

Heap address: 0x0000000703600000, size: 4042 MB, Compressed Oops mode: Zero based, Oop shift amount: 3

CDS archive(s) mapped at: [0x0000000800000000-0x0000000800c40000-0x0000000800c40000), size 12845056, SharedBaseAddress: 0x0000000800000000, ArchiveRelocationMode: 0.
Compressed class space mapped at: 0x0000000801000000-0x0000000841000000, reserved size: 1073741824
Narrow klass base: 0x0000000800000000, Narrow klass shift: 0, Narrow klass range: 0x100000000

GC Precious Log:
 CardTable entry size: 512
 Card Set container configuration: InlinePtr #cards 4 size 8 Array Of Cards #cards 16 size 48 Howl #buckets 8 coarsen threshold 3686 Howl Bitmap #cards 512 size 80 coarsen threshold 460 Card regions per heap region 1 cards per card region 4096
 CPUs: 12 total, 12 available
 Memory: 16163M
 Large Page Support: Disabled
 NUMA Support: Disabled
 Compressed Oops: Enabled (Zero based)
 Heap Region Size: 2M
 Heap Min Capacity: 8M
 Heap Initial Capacity: 254M
 Heap Max Capacity: 4042M
 Pre-touch: Disabled
 Parallel Workers: 10
 Concurrent Workers: 3
 Concurrent Refinement Workers: 10
 Periodic GC: Disabled

Heap:
 garbage-first heap   total 260096K, used 34816K [0x0000000703600000, 0x0000000800000000)
  region size 2048K, 10 young (20480K), 0 survivors (0K)
 Metaspace       used 6831K, committed 7040K, reserved 1114112K
  class space    used 716K, committed 832K, reserved 1048576K

Heap Regions: E=young(eden), S=young(survivor), O=old, HS=humongous(starts), HC=humongous(continues), CS=collection set, F=free, OA=open archive, CA=closed archive, TAMS=top-at-mark-start (previous, next)
|   0|0x0000000703600000, 0x0000000703800000, 0x0000000703800000|100%|HS|  |TAMS 0x0000000703600000, 0x0000000703600000| Complete 
|   1|0x0000000703800000, 0x0000000703a00000, 0x0000000703a00000|100%|HS|  |TAMS 0x0000000703800000, 0x0000000703800000| Complete 
|   2|0x0000000703a00000, 0x0000000703c00000, 0x0000000703c00000|100%|HS|  |TAMS 0x0000000703a00000, 0x0000000703a00000| Complete 
|   3|0x0000000703c00000, 0x0000000703e00000, 0x0000000703e00000|100%|HS|  |TAMS 0x0000000703c00000, 0x0000000703c00000| Complete 
|   4|0x0000000703e00000, 0x0000000704000000, 0x0000000704000000|100%|HS|  |TAMS 0x0000000703e00000, 0x0000000703e00000| Complete 
|   5|0x0000000704000000, 0x0000000704200000, 0x0000000704200000|100%|HS|  |TAMS 0x0000000704000000, 0x0000000704000000| Complete 
|   6|0x0000000704200000, 0x0000000704400000, 0x0000000704400000|100%|HS|  |TAMS 0x0000000704200000, 0x0000000704200000| Complete 
|   7|0x0000000704400000, 0x0000000704600000, 0x0000000704600000|100%|HS|  |TAMS 0x0000000704400000, 0x0000000704400000| Complete 
|   8|0x0000000704600000, 0x0000000704600000, 0x0000000704800000|  0%| F|  |TAMS 0x0000000704600000, 0x0000000704600000| Untracked 
|   9|0x0000000704800000, 0x0000000704800000, 0x0000000704a00000|  0%| F|  |TAMS 0x0000000704800000, 0x0000000704800000| Untracked 
|  10|0x0000000704a00000, 0x0000000704a00000, 0x0000000704c00000|  0%| F|  |TAMS 0x0000000704a00000, 0x0000000704a00000| Untracked 
|  11|0x0000000704c00000, 0x0000000704c00000, 0x0000000704e00000|  0%| F|  |TAMS 0x0000000704c00000, 0x0000000704c00000| Untracked 
|  12|0x0000000704e00000, 0x0000000704e00000, 0x0000000705000000|  0%| F|  |TAMS 0x0000000704e00000, 0x0000000704e00000| Untracked 
|  13|0x0000000705000000, 0x0000000705000000, 0x0000000705200000|  0%| F|  |TAMS 0x0000000705000000, 0x0000000705000000| Untracked 
|  14|0x0000000705200000, 0x0000000705200000, 0x0000000705400000|  0%| F|  |TAMS 0x0000000705200000, 0x0000000705200000| Untracked 
|  15|0x0000000705400000, 0x0000000705400000, 0x0000000705600000|  0%| F|  |TAMS 0x0000000705400000, 0x0000000705400000| Untracked 
|  16|0x0000000705600000, 0x0000000705600000, 0x0000000705800000|  0%| F|  |TAMS 0x0000000705600000, 0x0000000705600000| Untracked 
|  17|0x0000000705800000, 0x0000000705800000, 0x0000000705a00000|  0%| F|  |TAMS 0x0000000705800000, 0x0000000705800000| Untracked 
|  18|0x0000000705a00000, 0x0000000705a00000, 0x0000000705c00000|  0%| F|  |TAMS 0x0000000705a00000, 0x0000000705a00000| Untracked 
|  19|0x0000000705c00000, 0x0000000705c00000, 0x0000000705e00000|  0%| F|  |TAMS 0x0000000705c00000, 0x0000000705c00000| Untracked 
|  20|0x0000000705e00000, 0x0000000705e00000, 0x0000000706000000|  0%| F|  |TAMS 0x0000000705e00000, 0x0000000705e00000| Untracked 
|  21|0x0000000706000000, 0x0000000706000000, 0x0000000706200000|  0%| F|  |TAMS 0x0000000706000000, 0x0000000706000000| Untracked 
|  22|0x0000000706200000, 0x0000000706200000, 0x0000000706400000|  0%| F|  |TAMS 0x0000000706200000, 0x0000000706200000| Untracked 
|  23|0x0000000706400000, 0x0000000706400000, 0x0000000706600000|  0%| F|  |TAMS 0x0000000706400000, 0x0000000706400000| Untracked 
|  24|0x0000000706600000, 0x0000000706600000, 0x0000000706800000|  0%| F|  |TAMS 0x0000000706600000, 0x0000000706600000| Untracked 
|  25|0x0000000706800000, 0x0000000706800000, 0x0000000706a00000|  0%| F|  |TAMS 0x0000000706800000, 0x0000000706800000| Untracked 
|  26|0x0000000706a00000, 0x0000000706a00000, 0x0000000706c00000|  0%| F|  |TAMS 0x0000000706a00000, 0x0000000706a00000| Untracked 
|  27|0x0000000706c00000, 0x0000000706c00000, 0x0000000706e00000|  0%| F|  |TAMS 0x0000000706c00000, 0x0000000706c00000| Untracked 
|  28|0x0000000706e00000, 0x0000000706e00000, 0x0000000707000000|  0%| F|  |TAMS 0x0000000706e00000, 0x0000000706e00000| Untracked 
|  29|0x0000000707000000, 0x0000000707000000, 0x0000000707200000|  0%| F|  |TAMS 0x0000000707000000, 0x0000000707000000| Untracked 
|  30|0x0000000707200000, 0x0000000707200000, 0x0000000707400000|  0%| F|  |TAMS 0x0000000707200000, 0x0000000707200000| Untracked 
|  31|0x0000000707400000, 0x0000000707400000, 0x0000000707600000|  0%| F|  |TAMS 0x0000000707400000, 0x0000000707400000| Untracked 
|  32|0x0000000707600000, 0x0000000707600000, 0x0000000707800000|  0%| F|  |TAMS 0x0000000707600000, 0x0000000707600000| Untracked 
|  33|0x0000000707800000, 0x0000000707800000, 0x0000000707a00000|  0%| F|  |TAMS 0x0000000707800000, 0x0000000707800000| Untracked 
|  34|0x0000000707a00000, 0x0000000707a00000, 0x0000000707c00000|  0%| F|  |TAMS 0x0000000707a00000, 0x0000000707a00000| Untracked 
|  35|0x0000000707c00000, 0x0000000707c00000, 0x0000000707e00000|  0%| F|  |TAMS 0x0000000707c00000, 0x0000000707c00000| Untracked 
|  36|0x0000000707e00000, 0x0000000707e00000, 0x0000000708000000|  0%| F|  |TAMS 0x0000000707e00000, 0x0000000707e00000| Untracked 
|  37|0x0000000708000000, 0x0000000708000000, 0x0000000708200000|  0%| F|  |TAMS 0x0000000708000000, 0x0000000708000000| Untracked 
|  38|0x0000000708200000, 0x0000000708200000, 0x0000000708400000|  0%| F|  |TAMS 0x0000000708200000, 0x0000000708200000| Untracked 
|  39|0x0000000708400000, 0x0000000708400000, 0x0000000708600000|  0%| F|  |TAMS 0x0000000708400000, 0x0000000708400000| Untracked 
|  40|0x0000000708600000, 0x0000000708600000, 0x0000000708800000|  0%| F|  |TAMS 0x0000000708600000, 0x0000000708600000| Untracked 
|  41|0x0000000708800000, 0x0000000708800000, 0x0000000708a00000|  0%| F|  |TAMS 0x0000000708800000, 0x0000000708800000| Untracked 
|  42|0x0000000708a00000, 0x0000000708a00000, 0x0000000708c00000|  0%| F|  |TAMS 0x0000000708a00000, 0x0000000708a00000| Untracked 
|  43|0x0000000708c00000, 0x0000000708c00000, 0x0000000708e00000|  0%| F|  |TAMS 0x0000000708c00000, 0x0000000708c00000| Untracked 
|  44|0x0000000708e00000, 0x0000000708e00000, 0x0000000709000000|  0%| F|  |TAMS 0x0000000708e00000, 0x0000000708e00000| Untracked 
|  45|0x0000000709000000, 0x0000000709000000, 0x0000000709200000|  0%| F|  |TAMS 0x0000000709000000, 0x0000000709000000| Untracked 
|  46|0x0000000709200000, 0x0000000709200000, 0x0000000709400000|  0%| F|  |TAMS 0x0000000709200000, 0x0000000709200000| Untracked 
|  47|0x0000000709400000, 0x0000000709400000, 0x0000000709600000|  0%| F|  |TAMS 0x0000000709400000, 0x0000000709400000| Untracked 
|  48|0x0000000709600000, 0x0000000709600000, 0x0000000709800000|  0%| F|  |TAMS 0x0000000709600000, 0x0000000709600000| Untracked 
|  49|0x0000000709800000, 0x0000000709800000, 0x0000000709a00000|  0%| F|  |TAMS 0x0000000709800000, 0x0000000709800000| Untracked 
|  50|0x0000000709a00000, 0x0000000709a00000, 0x0000000709c00000|  0%| F|  |TAMS 0x0000000709a00000, 0x0000000709a00000| Untracked 
|  51|0x0000000709c00000, 0x0000000709c00000, 0x0000000709e00000|  0%| F|  |TAMS 0x0000000709c00000, 0x0000000709c00000| Untracked 
|  52|0x0000000709e00000, 0x0000000709e00000, 0x000000070a000000|  0%| F|  |TAMS 0x0000000709e00000, 0x0000000709e00000| Untracked 
|  53|0x000000070a000000, 0x000000070a000000, 0x000000070a200000|  0%| F|  |TAMS 0x000000070a000000, 0x000000070a000000| Untracked 
|  54|0x000000070a200000, 0x000000070a200000, 0x000000070a400000|  0%| F|  |TAMS 0x000000070a200000, 0x000000070a200000| Untracked 
|  55|0x000000070a400000, 0x000000070a400000, 0x000000070a600000|  0%| F|  |TAMS 0x000000070a400000, 0x000000070a400000| Untracked 
|  56|0x000000070a600000, 0x000000070a600000, 0x000000070a800000|  0%| F|  |TAMS 0x000000070a600000, 0x000000070a600000| Untracked 
|  57|0x000000070a800000, 0x000000070a800000, 0x000000070aa00000|  0%| F|  |TAMS 0x000000070a800000, 0x000000070a800000| Untracked 
|  58|0x000000070aa00000, 0x000000070aa00000, 0x000000070ac00000|  0%| F|  |TAMS 0x000000070aa00000, 0x000000070aa00000| Untracked 
|  59|0x000000070ac00000, 0x000000070ac00000, 0x000000070ae00000|  0%| F|  |TAMS 0x000000070ac00000, 0x000000070ac00000| Untracked 
|  60|0x000000070ae00000, 0x000000070ae00000, 0x000000070b000000|  0%| F|  |TAMS 0x000000070ae00000, 0x000000070ae00000| Untracked 
|  61|0x000000070b000000, 0x000000070b000000, 0x000000070b200000|  0%| F|  |TAMS 0x000000070b000000, 0x000000070b000000| Untracked 
|  62|0x000000070b200000, 0x000000070b200000, 0x000000070b400000|  0%| F|  |TAMS 0x000000070b200000, 0x000000070b200000| Untracked 
|  63|0x000000070b400000, 0x000000070b400000, 0x000000070b600000|  0%| F|  |TAMS 0x000000070b400000, 0x000000070b400000| Untracked 
|  64|0x000000070b600000, 0x000000070b600000, 0x000000070b800000|  0%| F|  |TAMS 0x000000070b600000, 0x000000070b600000| Untracked 
|  65|0x000000070b800000, 0x000000070b800000, 0x000000070ba00000|  0%| F|  |TAMS 0x000000070b800000, 0x000000070b800000| Untracked 
|  66|0x000000070ba00000, 0x000000070ba00000, 0x000000070bc00000|  0%| F|  |TAMS 0x000000070ba00000, 0x000000070ba00000| Untracked 
|  67|0x000000070bc00000, 0x000000070bc00000, 0x000000070be00000|  0%| F|  |TAMS 0x000000070bc00000, 0x000000070bc00000| Untracked 
|  68|0x000000070be00000, 0x000000070be00000, 0x000000070c000000|  0%| F|  |TAMS 0x000000070be00000, 0x000000070be00000| Untracked 
|  69|0x000000070c000000, 0x000000070c000000, 0x000000070c200000|  0%| F|  |TAMS 0x000000070c000000, 0x000000070c000000| Untracked 
|  70|0x000000070c200000, 0x000000070c200000, 0x000000070c400000|  0%| F|  |TAMS 0x000000070c200000, 0x000000070c200000| Untracked 
|  71|0x000000070c400000, 0x000000070c400000, 0x000000070c600000|  0%| F|  |TAMS 0x000000070c400000, 0x000000070c400000| Untracked 
|  72|0x000000070c600000, 0x000000070c600000, 0x000000070c800000|  0%| F|  |TAMS 0x000000070c600000, 0x000000070c600000| Untracked 
|  73|0x000000070c800000, 0x000000070c800000, 0x000000070ca00000|  0%| F|  |TAMS 0x000000070c800000, 0x000000070c800000| Untracked 
|  74|0x000000070ca00000, 0x000000070ca00000, 0x000000070cc00000|  0%| F|  |TAMS 0x000000070ca00000, 0x000000070ca00000| Untracked 
|  75|0x000000070cc00000, 0x000000070cc00000, 0x000000070ce00000|  0%| F|  |TAMS 0x000000070cc00000, 0x000000070cc00000| Untracked 
|  76|0x000000070ce00000, 0x000000070ce00000, 0x000000070d000000|  0%| F|  |TAMS 0x000000070ce00000, 0x000000070ce00000| Untracked 
|  77|0x000000070d000000, 0x000000070d000000, 0x000000070d200000|  0%| F|  |TAMS 0x000000070d000000, 0x000000070d000000| Untracked 
|  78|0x000000070d200000, 0x000000070d200000, 0x000000070d400000|  0%| F|  |TAMS 0x000000070d200000, 0x000000070d200000| Untracked 
|  79|0x000000070d400000, 0x000000070d400000, 0x000000070d600000|  0%| F|  |TAMS 0x000000070d400000, 0x000000070d400000| Untracked 
|  80|0x000000070d600000, 0x000000070d600000, 0x000000070d800000|  0%| F|  |TAMS 0x000000070d600000, 0x000000070d600000| Untracked 
|  81|0x000000070d800000, 0x000000070d800000, 0x000000070da00000|  0%| F|  |TAMS 0x000000070d800000, 0x000000070d800000| Untracked 
|  82|0x000000070da00000, 0x000000070da00000, 0x000000070dc00000|  0%| F|  |TAMS 0x000000070da00000, 0x000000070da00000| Untracked 
|  83|0x000000070dc00000, 0x000000070dc00000, 0x000000070de00000|  0%| F|  |TAMS 0x000000070dc00000, 0x000000070dc00000| Untracked 
|  84|0x000000070de00000, 0x000000070de00000, 0x000000070e000000|  0%| F|  |TAMS 0x000000070de00000, 0x000000070de00000| Untracked 
|  85|0x000000070e000000, 0x000000070e000000, 0x000000070e200000|  0%| F|  |TAMS 0x000000070e000000, 0x000000070e000000| Untracked 
|  86|0x000000070e200000, 0x000000070e200000, 0x000000070e400000|  0%| F|  |TAMS 0x000000070e200000, 0x000000070e200000| Untracked 
|  87|0x000000070e400000, 0x000000070e400000, 0x000000070e600000|  0%| F|  |TAMS 0x000000070e400000, 0x000000070e400000| Untracked 
|  88|0x000000070e600000, 0x000000070e600000, 0x000000070e800000|  0%| F|  |TAMS 0x000000070e600000, 0x000000070e600000| Untracked 
|  89|0x000000070e800000, 0x000000070e800000, 0x000000070ea00000|  0%| F|  |TAMS 0x000000070e800000, 0x000000070e800000| Untracked 
|  90|0x000000070ea00000, 0x000000070ea00000, 0x000000070ec00000|  0%| F|  |TAMS 0x000000070ea00000, 0x000000070ea00000| Untracked 
|  91|0x000000070ec00000, 0x000000070ec00000, 0x000000070ee00000|  0%| F|  |TAMS 0x000000070ec00000, 0x000000070ec00000| Untracked 
|  92|0x000000070ee00000, 0x000000070ee00000, 0x000000070f000000|  0%| F|  |TAMS 0x000000070ee00000, 0x000000070ee00000| Untracked 
|  93|0x000000070f000000, 0x000000070f000000, 0x000000070f200000|  0%| F|  |TAMS 0x000000070f000000, 0x000000070f000000| Untracked 
|  94|0x000000070f200000, 0x000000070f200000, 0x000000070f400000|  0%| F|  |TAMS 0x000000070f200000, 0x000000070f200000| Untracked 
|  95|0x000000070f400000, 0x000000070f400000, 0x000000070f600000|  0%| F|  |TAMS 0x000000070f400000, 0x000000070f400000| Untracked 
|  96|0x000000070f600000, 0x000000070f600000, 0x000000070f800000|  0%| F|  |TAMS 0x000000070f600000, 0x000000070f600000| Untracked 
|  97|0x000000070f800000, 0x000000070f800000, 0x000000070fa00000|  0%| F|  |TAMS 0x000000070f800000, 0x000000070f800000| Untracked 
|  98|0x000000070fa00000, 0x000000070fa00000, 0x000000070fc00000|  0%| F|  |TAMS 0x000000070fa00000, 0x000000070fa00000| Untracked 
|  99|0x000000070fc00000, 0x000000070fc00000, 0x000000070fe00000|  0%| F|  |TAMS 0x000000070fc00000, 0x000000070fc00000| Untracked 
| 100|0x000000070fe00000, 0x000000070fe00000, 0x0000000710000000|  0%| F|  |TAMS 0x000000070fe00000, 0x000000070fe00000| Untracked 
| 101|0x0000000710000000, 0x0000000710000000, 0x0000000710200000|  0%| F|  |TAMS 0x0000000710000000, 0x0000000710000000| Untracked 
| 102|0x0000000710200000, 0x0000000710200000, 0x0000000710400000|  0%| F|  |TAMS 0x0000000710200000, 0x0000000710200000| Untracked 
| 103|0x0000000710400000, 0x0000000710400000, 0x0000000710600000|  0%| F|  |TAMS 0x0000000710400000, 0x0000000710400000| Untracked 
| 104|0x0000000710600000, 0x0000000710600000, 0x0000000710800000|  0%| F|  |TAMS 0x0000000710600000, 0x0000000710600000| Untracked 
| 105|0x0000000710800000, 0x0000000710800000, 0x0000000710a00000|  0%| F|  |TAMS 0x0000000710800000, 0x0000000710800000| Untracked 
| 106|0x0000000710a00000, 0x0000000710a00000, 0x0000000710c00000|  0%| F|  |TAMS 0x0000000710a00000, 0x0000000710a00000| Untracked 
| 107|0x0000000710c00000, 0x0000000710c00000, 0x0000000710e00000|  0%| F|  |TAMS 0x0000000710c00000, 0x0000000710c00000| Untracked 
| 108|0x0000000710e00000, 0x0000000710e00000, 0x0000000711000000|  0%| F|  |TAMS 0x0000000710e00000, 0x0000000710e00000| Untracked 
| 109|0x0000000711000000, 0x0000000711000000, 0x0000000711200000|  0%| F|  |TAMS 0x0000000711000000, 0x0000000711000000| Untracked 
| 110|0x0000000711200000, 0x0000000711200000, 0x0000000711400000|  0%| F|  |TAMS 0x0000000711200000, 0x0000000711200000| Untracked 
| 111|0x0000000711400000, 0x0000000711400000, 0x0000000711600000|  0%| F|  |TAMS 0x0000000711400000, 0x0000000711400000| Untracked 
| 112|0x0000000711600000, 0x0000000711600000, 0x0000000711800000|  0%| F|  |TAMS 0x0000000711600000, 0x0000000711600000| Untracked 
| 113|0x0000000711800000, 0x0000000711800000, 0x0000000711a00000|  0%| F|  |TAMS 0x0000000711800000, 0x0000000711800000| Untracked 
| 114|0x0000000711a00000, 0x0000000711a00000, 0x0000000711c00000|  0%| F|  |TAMS 0x0000000711a00000, 0x0000000711a00000| Untracked 
| 115|0x0000000711c00000, 0x0000000711c00000, 0x0000000711e00000|  0%| F|  |TAMS 0x0000000711c00000, 0x0000000711c00000| Untracked 
| 116|0x0000000711e00000, 0x0000000711e00000, 0x0000000712000000|  0%| F|  |TAMS 0x0000000711e00000, 0x0000000711e00000| Untracked 
| 117|0x0000000712000000, 0x00000007121c5400, 0x0000000712200000| 88%| E|  |TAMS 0x0000000712000000, 0x0000000712000000| Complete 
| 118|0x0000000712200000, 0x0000000712400000, 0x0000000712400000|100%| E|CS|TAMS 0x0000000712200000, 0x0000000712200000| Complete 
| 119|0x0000000712400000, 0x0000000712600000, 0x0000000712600000|100%| E|CS|TAMS 0x0000000712400000, 0x0000000712400000| Complete 
| 120|0x0000000712600000, 0x0000000712800000, 0x0000000712800000|100%| E|CS|TAMS 0x0000000712600000, 0x0000000712600000| Complete 
| 121|0x0000000712800000, 0x0000000712a00000, 0x0000000712a00000|100%| E|CS|TAMS 0x0000000712800000, 0x0000000712800000| Complete 
| 122|0x0000000712a00000, 0x0000000712c00000, 0x0000000712c00000|100%| E|CS|TAMS 0x0000000712a00000, 0x0000000712a00000| Complete 
| 123|0x0000000712c00000, 0x0000000712e00000, 0x0000000712e00000|100%| E|CS|TAMS 0x0000000712c00000, 0x0000000712c00000| Complete 
| 124|0x0000000712e00000, 0x0000000713000000, 0x0000000713000000|100%| E|CS|TAMS 0x0000000712e00000, 0x0000000712e00000| Complete 
| 125|0x0000000713000000, 0x0000000713200000, 0x0000000713200000|100%| E|CS|TAMS 0x0000000713000000, 0x0000000713000000| Complete 
| 126|0x0000000713200000, 0x0000000713400000, 0x0000000713400000|100%| E|CS|TAMS 0x0000000713200000, 0x0000000713200000| Complete 

Card table byte_map: [0x0000027cbb740000,0x0000027cbbf30000] _byte_map_base: 0x0000027cb7f25000

Marking Bits (Prev, Next): (CMBitMap*) 0x0000027ca3af2240, (CMBitMap*) 0x0000027ca3af2280
 Prev Bits: [0x0000027cbc720000, 0x0000027cc0648000)
 Next Bits: [0x0000027cc0650000, 0x0000027cc4578000)

Polling page: 0x0000027ca1a40000

Metaspace:

Usage:
  Non-class:      5.97 MB used.
      Class:    716.38 KB used.
       Both:      6.67 MB used.

Virtual space:
  Non-class space:       64.00 MB reserved,       6.06 MB (  9%) committed,  1 nodes.
      Class space:        1.00 GB reserved,     832.00 KB ( <1%) committed,  1 nodes.
             Both:        1.06 GB reserved,       6.88 MB ( <1%) committed. 

Chunk freelists:
   Non-Class:  1.97 MB
       Class:  3.23 MB
        Both:  5.20 MB

MaxMetaspaceSize: unlimited
CompressedClassSpaceSize: 1.00 GB
Initial GC threshold: 21.00 MB
Current GC threshold: 21.00 MB
CDS: on
MetaspaceReclaimPolicy: balanced
 - commit_granule_bytes: 65536.
 - commit_granule_words: 8192.
 - virtual_space_node_default_size: 8388608.
 - enlarge_chunks_in_place: 1.
 - new_chunks_are_fully_committed: 0.
 - uncommit_free_chunks: 1.
 - use_allocation_guard: 0.


Internal statistics:

num_allocs_failed_limit: 0.
num_arena_births: 154.
num_arena_deaths: 0.
num_vsnodes_births: 2.
num_vsnodes_deaths: 0.
num_space_committed: 110.
num_space_uncommitted: 0.
num_chunks_returned_to_freelist: 0.
num_chunks_taken_from_freelist: 174.
num_chunk_merges: 0.
num_chunk_splits: 120.
num_chunks_enlarged: 78.
num_inconsistent_stats: 0.

CodeHeap 'non-profiled nmethods': size=120000Kb used=358Kb max_used=358Kb free=119642Kb
 bounds [0x0000027cb34b0000, 0x0000027cb3720000, 0x0000027cba9e0000]
CodeHeap 'profiled nmethods': size=120000Kb used=1578Kb max_used=1578Kb free=118421Kb
 bounds [0x0000027cab9e0000, 0x0000027cabc50000, 0x0000027cb2f10000]
CodeHeap 'non-nmethods': size=5760Kb used=1357Kb max_used=1391Kb free=4402Kb
 bounds [0x0000027cb2f10000, 0x0000027cb3180000, 0x0000027cb34b0000]
 total_blobs=1603 nmethods=1018 adapters=496
 compilation: enabled
              stopped_count=0, restarted_count=0
 full_count=0

Compilation events (20 events):
Event: 0.387 Thread 0x0000027cc7213330 nmethod 1009 0x0000027cabb66010 code [0x0000027cabb662e0, 0x0000027cabb67478]
Event: 0.388 Thread 0x0000027cc7213330 1010       3       sun.awt.image.ImageDecoder::setPixels (58 bytes)
Event: 0.389 Thread 0x0000027cc7207000 1011 %     4       java.awt.image.AreaAveragingScaleFilter::accumPixels @ 161 (545 bytes)
Event: 0.389 Thread 0x0000027cc7213330 nmethod 1010 0x0000027cabb67b90 code [0x0000027cabb67d80, 0x0000027cabb68528]
Event: 0.393 Thread 0x0000027cc7215a20 1012       4       java.io.BufferedInputStream::read1 (108 bytes)
Event: 0.394 Thread 0x0000027cc7213330 1013       3       java.awt.image.AreaAveragingScaleFilter::setPixels (45 bytes)
Event: 0.394 Thread 0x0000027cc7213330 nmethod 1013 0x0000027cabb68810 code [0x0000027cabb689e0, 0x0000027cabb68bf8]
Event: 0.394 Thread 0x0000027cc7215a20 nmethod 1012 0x0000027cb3504590 code [0x0000027cb3504720, 0x0000027cb3504968]
Event: 0.403 Thread 0x0000027cc7213330 1014       3       java.awt.image.AreaAveragingScaleFilter::calcRow (250 bytes)
Event: 0.403 Thread 0x0000027cc7207000 nmethod 1011% 0x0000027cb3504b10 code [0x0000027cb3504d60, 0x0000027cb3506688]
Event: 0.404 Thread 0x0000027cc7213330 nmethod 1014 0x0000027cabb68d10 code [0x0000027cabb68f60, 0x0000027cabb69998]
Event: 0.404 Thread 0x0000027cc7207000 1015       4       java.awt.image.AreaAveragingScaleFilter::accumPixels (545 bytes)
Event: 0.405 Thread 0x0000027cc7213330 1016       3       java.awt.Component::isDisplayable (13 bytes)
Event: 0.405 Thread 0x0000027cc7213330 nmethod 1016 0x0000027cabb69d10 code [0x0000027cabb69ea0, 0x0000027cabb6a018]
Event: 0.406 Thread 0x0000027cc7215a20 1017       4       java.lang.String::<init> (15 bytes)
Event: 0.406 Thread 0x0000027cc7213330 1018       3       java.io.RandomAccessFile::read (8 bytes)
Event: 0.406 Thread 0x0000027cc7213330 nmethod 1018 0x0000027cabb6a090 code [0x0000027cabb6a240, 0x0000027cabb6a388]
Event: 0.406 Thread 0x0000027cc7213330 1019   !   3       java.io.RandomAccessFile::readBytes (32 bytes)
Event: 0.406 Thread 0x0000027cc7213330 nmethod 1019 0x0000027cabb6a490 code [0x0000027cabb6a660, 0x0000027cabb6a878]
Event: 0.407 Thread 0x0000027cc7215a20 nmethod 1017 0x0000027cb3507310 code [0x0000027cb3507480, 0x0000027cb35075d8]

GC Heap History (0 events):
No events

Dll operation events (10 events):
Event: 0.005 Loaded shared library C:\Program Files\Java\jdk-19\bin\java.dll
Event: 0.016 Loaded shared library C:\Program Files\Java\jdk-19\bin\jsvml.dll
Event: 0.049 Loaded shared library C:\Program Files\Java\jdk-19\bin\net.dll
Event: 0.050 Loaded shared library C:\Program Files\Java\jdk-19\bin\nio.dll
Event: 0.052 Loaded shared library C:\Program Files\Java\jdk-19\bin\zip.dll
Event: 0.062 Loaded shared library C:\Program Files\Java\jdk-19\bin\jimage.dll
Event: 0.086 Loaded shared library C:\Program Files\Java\jdk-19\bin\awt.dll
Event: 0.294 Loaded shared library C:\Program Files\Java\jdk-19\bin\freetype.dll
Event: 0.294 Loaded shared library C:\Program Files\Java\jdk-19\bin\fontmanager.dll
Event: 0.410 Loaded shared library C:\Users\Maydas\.jssc\windows\jSSC-2.8_x86_64.dll

Deoptimization events (20 events):
Event: 0.260 Thread 0x0000027cc71fe850 DEOPT PACKING pc=0x0000027caba95ced sp=0x000000cd9b0ff410
Event: 0.260 Thread 0x0000027cc71fe850 DEOPT UNPACKING pc=0x0000027cb2f7b0e3 sp=0x000000cd9b0fe880 mode 0
Event: 0.260 Thread 0x0000027cc71fe850 DEOPT PACKING pc=0x0000027caba95ced sp=0x000000cd9b0ff410
Event: 0.260 Thread 0x0000027cc71fe850 DEOPT UNPACKING pc=0x0000027cb2f7b0e3 sp=0x000000cd9b0fe880 mode 0
Event: 0.261 Thread 0x0000027ca3a82040 Uncommon trap: trap_request=0xffffff45 fr.pc=0x0000027cb34d8af0 relative=0x00000000000004b0
Event: 0.261 Thread 0x0000027ca3a82040 Uncommon trap: reason=unstable_if action=reinterpret pc=0x0000027cb34d8af0 method=java.lang.StringLatin1.replace([BCC)Ljava/lang/String; @ 19 c2
Event: 0.261 Thread 0x0000027ca3a82040 DEOPT PACKING pc=0x0000027cb34d8af0 sp=0x000000cd999fe640
Event: 0.261 Thread 0x0000027ca3a82040 DEOPT UNPACKING pc=0x0000027cb2f7a5a3 sp=0x000000cd999fe5c0 mode 2
Event: 0.271 Thread 0x0000027ca3a82040 DEOPT PACKING pc=0x0000027cab9f6a67 sp=0x000000cd999fd8a0
Event: 0.271 Thread 0x0000027ca3a82040 DEOPT UNPACKING pc=0x0000027cb2f7b0e3 sp=0x000000cd999fccc0 mode 0
Event: 0.309 Thread 0x0000027ca3a82040 DEOPT PACKING pc=0x0000027cab9f3b51 sp=0x000000cd999fccb0
Event: 0.309 Thread 0x0000027ca3a82040 DEOPT UNPACKING pc=0x0000027cb2f7b0e3 sp=0x000000cd999fc128 mode 0
Event: 0.345 Thread 0x0000027ca3a82040 Uncommon trap: trap_request=0xffffff45 fr.pc=0x0000027cb34f29d8 relative=0x0000000000000498
Event: 0.345 Thread 0x0000027ca3a82040 Uncommon trap: reason=unstable_if action=reinterpret pc=0x0000027cb34f29d8 method=java.lang.StringLatin1.toLowerCase(Ljava/lang/String;[BLjava/util/Locale;)Ljava/lang/String; @ 43 c2
Event: 0.345 Thread 0x0000027ca3a82040 DEOPT PACKING pc=0x0000027cb34f29d8 sp=0x000000cd999fc7e0
Event: 0.345 Thread 0x0000027ca3a82040 DEOPT UNPACKING pc=0x0000027cb2f7a5a3 sp=0x000000cd999fc750 mode 2
Event: 0.375 Thread 0x0000027cc71fd310 DEOPT PACKING pc=0x0000027cabac6b2b sp=0x000000cd9b1fee80
Event: 0.375 Thread 0x0000027cc71fd310 DEOPT UNPACKING pc=0x0000027cb2f7b0e3 sp=0x000000cd9b1fe320 mode 0
Event: 0.404 Thread 0x0000027cc71fd310 DEOPT PACKING pc=0x0000027cabb6736c sp=0x000000cd9b1fed40
Event: 0.404 Thread 0x0000027cc71fd310 DEOPT UNPACKING pc=0x0000027cb2f7b0e3 sp=0x000000cd9b1fe1b8 mode 0

Classes loaded (20 events):
Event: 0.374 Loading class java/awt/image/FilteredImageSource done
Event: 0.374 Loading class java/awt/TrayIcon done
Event: 0.374 Loading class java/util/LinkedList$ListItr
Event: 0.374 Loading class java/util/LinkedList$ListItr done
Event: 0.374 Loading class javax/swing/RepaintManager$2$1
Event: 0.374 Loading class javax/swing/RepaintManager$2$1 done
Event: 0.375 Loading class sun/awt/dnd/SunDropTargetEvent
Event: 0.375 Loading class sun/awt/dnd/SunDropTargetEvent done
Event: 0.375 Loading class java/awt/event/FocusEvent
Event: 0.375 Loading class java/awt/event/FocusEvent done
Event: 0.404 Loading class java/util/concurrent/locks/AbstractQueuedSynchronizer$ExclusiveNode
Event: 0.404 Loading class java/util/concurrent/locks/AbstractQueuedSynchronizer$ExclusiveNode done
Event: 0.405 Loading class java/lang/InterruptedException
Event: 0.405 Loading class java/lang/InterruptedException done
Event: 0.406 Loading class java/lang/SecurityException
Event: 0.406 Loading class java/lang/SecurityException done
Event: 0.407 Loading class java/io/Reader
Event: 0.407 Loading class java/io/Reader done
Event: 0.407 Loading class java/io/InputStreamReader
Event: 0.407 Loading class java/io/InputStreamReader done

Classes unloaded (0 events):
No events

Classes redefined (0 events):
No events

Internal exceptions (15 events):
Event: 0.076 Thread 0x0000027ca3a82040 Exception <a 'java/lang/ClassNotFoundException'{0x0000000712e104f8}: sun/awt/resources/spi/awtProvider> (0x0000000712e104f8) 
thrown [s\open\src\hotspot\share\classfile\systemDictionary.cpp, line 255]
Event: 0.094 Thread 0x0000027ca3a82040 Exception <a 'java/io/FileNotFoundException'{0x0000000712e69650}> (0x0000000712e69650) 
thrown [s\open\src\hotspot\share\prims\jni.cpp, line 517]
Event: 0.098 Thread 0x0000027ca3a82040 Exception <a 'java/io/FileNotFoundException'{0x0000000712e96098}> (0x0000000712e96098) 
thrown [s\open\src\hotspot\share\prims\jni.cpp, line 517]
Event: 0.122 Thread 0x0000027ca3a82040 Exception <a 'java/lang/NoSuchMethodError'{0x0000000712ee0568}: 'java.lang.Object java.lang.invoke.DirectMethodHandle$Holder.invokeStaticInit(java.lang.Object)'> (0x0000000712ee0568) 
thrown [s\open\src\hotspot\share\interpreter\linkResolver.cpp, line 774]
Event: 0.144 Thread 0x0000027ca3a82040 Exception <a 'java/lang/NoSuchMethodError'{0x0000000712f35728}: 'void java.lang.invoke.DirectMethodHandle$Holder.invokeSpecial(java.lang.Object, java.lang.Object, java.lang.Object)'> (0x0000000712f35728) 
thrown [s\open\src\hotspot\share\interpreter\linkResolver.cpp, line 774]
Event: 0.150 Thread 0x0000027ca3a82040 Exception <a 'java/lang/NoSuchMethodError'{0x0000000712c0dd20}: 'java.lang.Object java.lang.invoke.DirectMethodHandle$Holder.newInvokeSpecial(java.lang.Object, java.lang.Object, java.lang.Object, java.lang.Object, java.lang.Object)'> (0x0000000712c0dd20) 
thrown [s\open\src\hotspot\share\interpreter\linkResolver.cpp, line 774]
Event: 0.153 Thread 0x0000027ca3a82040 Exception <a 'java/lang/NoSuchMethodError'{0x0000000712c3f408}: 'java.lang.Object java.lang.invoke.DirectMethodHandle$Holder.invokeStatic(java.lang.Object, int, java.lang.Object)'> (0x0000000712c3f408) 
thrown [s\open\src\hotspot\share\interpreter\linkResolver.cpp, line 774]
Event: 0.168 Thread 0x0000027ca3a82040 Exception <a 'java/lang/ClassNotFoundException'{0x0000000712cfb120}: com/sun/swing/internal/plaf/metal/resources/spi/metalProvider> (0x0000000712cfb120) 
thrown [s\open\src\hotspot\share\classfile\systemDictionary.cpp, line 255]
Event: 0.169 Thread 0x0000027ca3a82040 Exception <a 'java/lang/ClassNotFoundException'{0x0000000712cff0a0}: com/sun/swing/internal/plaf/basic/resources/spi/basicProvider> (0x0000000712cff0a0) 
thrown [s\open\src\hotspot\share\classfile\systemDictionary.cpp, line 255]
Event: 0.174 Thread 0x0000027ca3a82040 Exception <a 'java/lang/NoSuchMethodError'{0x0000000712d1f318}: 'int java.lang.invoke.Invokers$Holder.invokeExact_MT(java.lang.Object, java.lang.Object)'> (0x0000000712d1f318) 
thrown [s\open\src\hotspot\share\interpreter\linkResolver.cpp, line 774]
Event: 0.180 Thread 0x0000027cc71fe850 Exception <a 'java/lang/NoSuchMethodError'{0x0000000712d648c0}: 'java.lang.Object java.lang.invoke.DirectMethodHandle$Holder.newInvokeSpecial(java.lang.Object, java.lang.Object, java.lang.Object, int, int, int, int, int)'> (0x0000000712d648c0) 
thrown [s\open\src\hotspot\share\interpreter\linkResolver.cpp, line 774]
Event: 0.271 Thread 0x0000027ca3a82040 Exception <a 'java/lang/NoSuchMethodError'{0x0000000712d3fb58}: 'void java.lang.invoke.DirectMethodHandle$Holder.invokeStatic(java.lang.Object, java.lang.Object, java.lang.Object)'> (0x0000000712d3fb58) 
thrown [s\open\src\hotspot\share\interpreter\linkResolver.cpp, line 774]
Event: 0.272 Thread 0x0000027ca3a82040 Exception <a 'java/lang/NoSuchMethodError'{0x0000000712d45fb8}: 'void java.lang.invoke.DirectMethodHandle$Holder.invokeStatic(java.lang.Object, java.lang.Object)'> (0x0000000712d45fb8) 
thrown [s\open\src\hotspot\share\interpreter\linkResolver.cpp, line 774]
Event: 0.282 Thread 0x0000027cc71fbdd0 Exception <a 'java/lang/NoSuchMethodError'{0x0000000712fd2ad0}: 'void java.lang.invoke.DirectMethodHandle$Holder.invokeVirtual(java.lang.Object, java.lang.Object)'> (0x0000000712fd2ad0) 
thrown [s\open\src\hotspot\share\interpreter\linkResolver.cpp, line 774]
Event: 0.291 Thread 0x0000027ca3a82040 Exception <a 'java/lang/NoSuchMethodError'{0x0000000712296bd8}: 'void java.lang.invoke.DirectMethodHandle$Holder.invokeStaticInit(java.lang.Object)'> (0x0000000712296bd8) 
thrown [s\open\src\hotspot\share\interpreter\linkResolver.cpp, line 774]

VM Operations (10 events):
Event: 0.053 Executing VM operation: HandshakeAllThreads
Event: 0.053 Executing VM operation: HandshakeAllThreads done
Event: 0.265 Executing VM operation: HandshakeAllThreads
Event: 0.265 Executing VM operation: HandshakeAllThreads done
Event: 0.374 Executing VM operation: HandshakeAllThreads
Event: 0.374 Executing VM operation: HandshakeAllThreads done
Event: 0.374 Executing VM operation: ICBufferFull
Event: 0.374 Executing VM operation: ICBufferFull done
Event: 0.405 Executing VM operation: HandshakeAllThreads
Event: 0.405 Executing VM operation: HandshakeAllThreads done

Events (20 events):
Event: 0.016 Thread 0x0000027ca3a82040 Thread added: 0x0000027ca3a82040
Event: 0.024 Thread 0x0000027cc71f3fe0 Thread added: 0x0000027cc71f3fe0
Event: 0.024 Thread 0x0000027cc71f4a00 Thread added: 0x0000027cc71f4a00
Event: 0.025 Thread 0x0000027cc71f6970 Thread added: 0x0000027cc71f6970
Event: 0.025 Thread 0x0000027cc71f9700 Thread added: 0x0000027cc71f9700
Event: 0.025 Thread 0x0000027cc71fa8c0 Thread added: 0x0000027cc71fa8c0
Event: 0.025 Thread 0x0000027cc71fe300 Thread added: 0x0000027cc71fe300
Event: 0.025 Thread 0x0000027cc7207000 Thread added: 0x0000027cc7207000
Event: 0.025 Thread 0x0000027cc7213330 Thread added: 0x0000027cc7213330
Event: 0.025 Thread 0x0000027cc71fd860 Thread added: 0x0000027cc71fd860
Event: 0.038 Thread 0x0000027cc71fcdc0 Thread added: 0x0000027cc71fcdc0
Event: 0.040 Thread 0x0000027cc71fb880 Thread added: 0x0000027cc71fb880
Event: 0.070 Thread 0x0000027cc7215a20 Thread added: 0x0000027cc7215a20
Event: 0.123 Thread 0x0000027cc71fc320 Thread added: 0x0000027cc71fc320
Event: 0.124 Thread 0x0000027cc71fc870 Thread added: 0x0000027cc71fc870
Event: 0.125 Thread 0x0000027cc71fbdd0 Thread added: 0x0000027cc71fbdd0
Event: 0.177 Thread 0x0000027cc71fe850 Thread added: 0x0000027cc71fe850
Event: 0.196 Thread 0x0000027cc71fd310 Thread added: 0x0000027cc71fd310
Event: 0.268 Thread 0x0000027cc7214970 Thread added: 0x0000027cc7214970
Event: 0.277 Thread 0x0000027cc71fddb0 Thread added: 0x0000027cc71fddb0


Dynamic libraries:
0x00007ff73c6c0000 - 0x00007ff73c6d0000 	C:\Program Files\Java\jdk-19\bin\java.exe
0x00007fff58d50000 - 0x00007fff58f64000 	C:\Windows\SYSTEM32\ntdll.dll
0x00007fff57b80000 - 0x00007fff57c42000 	C:\Windows\System32\KERNEL32.DLL
0x00007fff564c0000 - 0x00007fff5685c000 	C:\Windows\System32\KERNELBASE.dll
0x00007fff568e0000 - 0x00007fff569f1000 	C:\Windows\System32\ucrtbase.dll
0x00007fff393a0000 - 0x00007fff393b8000 	C:\Program Files\Java\jdk-19\bin\jli.dll
0x00007fff4da00000 - 0x00007fff4da1b000 	C:\Program Files\Java\jdk-19\bin\VCRUNTIME140.dll
0x00007fff570f0000 - 0x00007fff5719e000 	C:\Windows\System32\ADVAPI32.dll
0x00007fff57200000 - 0x00007fff572a7000 	C:\Windows\System32\msvcrt.dll
0x00007fff57340000 - 0x00007fff573e4000 	C:\Windows\System32\sechost.dll
0x00007fff587b0000 - 0x00007fff588c7000 	C:\Windows\System32\RPCRT4.dll
0x00007fff57760000 - 0x00007fff5790b000 	C:\Windows\System32\USER32.dll
0x00007fff56370000 - 0x00007fff56396000 	C:\Windows\System32\win32u.dll
0x00007fff3ba10000 - 0x00007fff3bc9e000 	C:\Windows\WinSxS\amd64_microsoft.windows.common-controls_6595b64144ccf1df_6.0.22621.608_none_a9444ca7c10bb01d\COMCTL32.dll
0x00007fff57960000 - 0x00007fff57989000 	C:\Windows\System32\GDI32.dll
0x00007fff563a0000 - 0x00007fff564b3000 	C:\Windows\System32\gdi32full.dll
0x00007fff56a00000 - 0x00007fff56a9a000 	C:\Windows\System32\msvcp_win.dll
0x00007fff4e7b0000 - 0x00007fff4e7ba000 	C:\Windows\SYSTEM32\VERSION.dll
0x00007fff58590000 - 0x00007fff585c1000 	C:\Windows\System32\IMM32.DLL
0x00007fff4d9f0000 - 0x00007fff4d9fc000 	C:\Program Files\Java\jdk-19\bin\vcruntime140_1.dll
0x00007fff2d530000 - 0x00007fff2d5be000 	C:\Program Files\Java\jdk-19\bin\msvcp140.dll
0x00007ffec2350000 - 0x00007ffec3010000 	C:\Program Files\Java\jdk-19\bin\server\jvm.dll
0x00007fff4e190000 - 0x00007fff4e1c4000 	C:\Windows\SYSTEM32\WINMM.dll
0x00007fff33c20000 - 0x00007fff33c29000 	C:\Windows\SYSTEM32\WSOCK32.dll
0x00007fff586d0000 - 0x00007fff58741000 	C:\Windows\System32\WS2_32.dll
0x00007fff55110000 - 0x00007fff55128000 	C:\Windows\SYSTEM32\kernel.appcore.dll
0x00007fff4d340000 - 0x00007fff4d34a000 	C:\Program Files\Java\jdk-19\bin\jimage.dll
0x00007fff536e0000 - 0x00007fff5390e000 	C:\Windows\SYSTEM32\DBGHELP.DLL
0x00007fff588d0000 - 0x00007fff58c59000 	C:\Windows\System32\combase.dll
0x00007fff579a0000 - 0x00007fff57a77000 	C:\Windows\System32\OLEAUT32.dll
0x00007fff33b60000 - 0x00007fff33b92000 	C:\Windows\SYSTEM32\dbgcore.DLL
0x00007fff56860000 - 0x00007fff568db000 	C:\Windows\System32\bcryptPrimitives.dll
0x00007fff3c450000 - 0x00007fff3c476000 	C:\Program Files\Java\jdk-19\bin\java.dll
0x00007fff012f0000 - 0x00007fff013c7000 	C:\Program Files\Java\jdk-19\bin\jsvml.dll
0x00007fff57c50000 - 0x00007fff58440000 	C:\Windows\System32\SHELL32.dll
0x00007fff54150000 - 0x00007fff54a1d000 	C:\Windows\SYSTEM32\windows.storage.dll
0x00007fff54010000 - 0x00007fff5414e000 	C:\Windows\SYSTEM32\wintypes.dll
0x00007fff56ff0000 - 0x00007fff570e1000 	C:\Windows\System32\SHCORE.dll
0x00007fff58750000 - 0x00007fff587ae000 	C:\Windows\System32\shlwapi.dll
0x00007fff560c0000 - 0x00007fff560e1000 	C:\Windows\SYSTEM32\profapi.dll
0x00007fff4ad00000 - 0x00007fff4ad13000 	C:\Program Files\Java\jdk-19\bin\net.dll
0x00007fff4e590000 - 0x00007fff4e6c7000 	C:\Windows\SYSTEM32\WINHTTP.dll
0x00007fff55670000 - 0x00007fff556d9000 	C:\Windows\system32\mswsock.dll
0x00007fff49e70000 - 0x00007fff49e86000 	C:\Program Files\Java\jdk-19\bin\nio.dll
0x00007fff49c70000 - 0x00007fff49c88000 	C:\Program Files\Java\jdk-19\bin\zip.dll
0x00007ffee9b90000 - 0x00007ffee9d21000 	C:\Program Files\Java\jdk-19\bin\awt.dll
0x00007fff52f00000 - 0x00007fff52f96000 	C:\Windows\SYSTEM32\apphelp.dll
0x00007fff53430000 - 0x00007fff5345b000 	C:\Windows\system32\DWMAPI.DLL
0x00007fff530f0000 - 0x00007fff5319b000 	C:\Windows\system32\uxtheme.dll
0x00007fff320c0000 - 0x00007fff321c0000 	C:\Windows\system32\opengl32.dll
0x00007fff49bb0000 - 0x00007fff49bdd000 	C:\Windows\SYSTEM32\GLU32.dll
0x00007fff532d0000 - 0x00007fff53306000 	C:\Windows\SYSTEM32\dxcore.dll
0x00007fff58460000 - 0x00007fff5857e000 	C:\Windows\System32\MSCTF.dll
0x00007fff575c0000 - 0x00007fff5775c000 	C:\Windows\System32\ole32.dll
0x00007fff1a210000 - 0x00007fff1a296000 	C:\Program Files\Java\jdk-19\bin\freetype.dll
0x00007ffef45c0000 - 0x00007ffef4686000 	C:\Program Files\Java\jdk-19\bin\fontmanager.dll
0x0000000071100000 - 0x0000000071125000 	C:\Users\Maydas\.jssc\windows\jSSC-2.8_x86_64.dll

dbghelp: loaded successfully - version: 4.0.5 - missing functions: none
symbol engine: initialized successfully - sym options: 0x614 - pdb path: .;C:\Program Files\Java\jdk-19\bin;C:\Windows\SYSTEM32;C:\Windows\WinSxS\amd64_microsoft.windows.common-controls_6595b64144ccf1df_6.0.22621.608_none_a9444ca7c10bb01d;C:\Program Files\Java\jdk-19\bin\server;C:\Users\Maydas\.jssc\windows

VM Arguments:
java_command: com.geekmarket.arduinoconexion.ArduinoConexion
java_class_path (initial): C:\Users\Maydas\Desktop\ArduinoConexion\target\classes;C:\Users\Maydas\.m2\repository\com\github\panamahitek\panamahitek_arduino\3.0.0\panamahitek_arduino-3.0.0.jar;C:\Users\Maydas\.m2\repository\org\apache\poi\poi-ooxml\3.17\poi-ooxml-3.17.jar;C:\Users\Maydas\.m2\repository\org\apache\poi\poi\3.17\poi-3.17.jar;C:\Users\Maydas\.m2\repository\commons-codec\commons-codec\1.10\commons-codec-1.10.jar;C:\Users\Maydas\.m2\repository\org\apache\commons\commons-collections4\4.1\commons-collections4-4.1.jar;C:\Users\Maydas\.m2\repository\org\apache\poi\poi-ooxml-schemas\3.17\poi-ooxml-schemas-3.17.jar;C:\Users\Maydas\.m2\repository\org\apache\xmlbeans\xmlbeans\2.6.0\xmlbeans-2.6.0.jar;C:\Users\Maydas\.m2\repository\stax\stax-api\1.0.1\stax-api-1.0.1.jar;C:\Users\Maydas\.m2\repository\com\github\virtuald\curvesapi\1.04\curvesapi-1.04.jar;C:\Users\Maydas\.m2\repository\org\jfree\jfreechart\1.0.19\jfreechart-1.0.19.jar;C:\Users\Maydas\.m2\repository\org\jfree\jcommon\1.0.23\jcommon-1.0.23.jar
Launcher Type: SUN_STANDARD

[Global flags]
     intx CICompilerCount                          = 4                                         {product} {ergonomic}
     uint ConcGCThreads                            = 3                                         {product} {ergonomic}
     uint G1ConcRefinementThreads                  = 10                                        {product} {ergonomic}
   size_t G1HeapRegionSize                         = 2097152                                   {product} {ergonomic}
    uintx GCDrainStackTargetSize                   = 64                                        {product} {ergonomic}
   size_t InitialHeapSize                          = 266338304                                 {product} {ergonomic}
   size_t MarkStackSize                            = 4194304                                   {product} {ergonomic}
   size_t MaxHeapSize                              = 4238344192                                {product} {ergonomic}
   size_t MaxNewSize                               = 2541748224                                {product} {ergonomic}
   size_t MinHeapDeltaBytes                        = 2097152                                   {product} {ergonomic}
   size_t MinHeapSize                              = 8388608                                   {product} {ergonomic}
    uintx NonNMethodCodeHeapSize                   = 5839372                                {pd product} {ergonomic}
    uintx NonProfiledCodeHeapSize                  = 122909434                              {pd product} {ergonomic}
    uintx ProfiledCodeHeapSize                     = 122909434                              {pd product} {ergonomic}
    uintx ReservedCodeCacheSize                    = 251658240                              {pd product} {ergonomic}
     bool SegmentedCodeCache                       = true                                      {product} {ergonomic}
   size_t SoftMaxHeapSize                          = 4238344192                             {manageable} {ergonomic}
     bool UseCompressedClassPointers               = true                           {product lp64_product} {ergonomic}
     bool UseCompressedOops                        = true                           {product lp64_product} {ergonomic}
     bool UseG1GC                                  = true                                      {product} {ergonomic}
     bool UseLargePagesIndividualAllocation        = false                                  {pd product} {ergonomic}

Logging:
Log output configuration:
 #0: stdout all=warning uptime,level,tags foldmultilines=false
 #1: stderr all=off uptime,level,tags foldmultilines=false

Environment Variables:
JAVA_HOME=C:\Program Files\Java\jdk-19
PATH=C:\Program Files\Common Files\Oracle\Java\javapath;C:\Program Files (x86)\Common Files\Oracle\Java\javapath;C:\Windows\system32;C:\Windows;C:\Windows\System32\Wbem;C:\Windows\System32\WindowsPowerShell\v1.0\;C:\Windows\System32\OpenSSH\;C:\Program Files\Git\cmd;C:\Program Files (x86)\dotnet\;C:\Program Files (x86)\NVIDIA Corporation\PhysX\Common;C:\Program Files (x86)\Microsoft SQL Server\160\Tools\Binn\;C:\Program Files\Microsoft SQL Server\160\Tools\Binn\;C:\Program Files\Microsoft SQL Server\Client SDK\ODBC\170\Tools\Binn\;C:\Program Files\Microsoft SQL Server\160\DTS\Binn\;C:\Program Files (x86)\Microsoft SQL Server\160\DTS\Binn\;C:\Program Files\Azure Data Studio\bin;C:\apache-tomcat-9.0.73\bin;C:\Program Files\Java\jdk-15.0.2\bin;C:\Program Files\MySQL\MySQL Shell 8.0\bin\;C:\Users\Maydas\AppData\Local\Microsoft\WindowsApps;;C:\Program Files\Azure Data Studio\bin;C:\Program Files\Azure Data Studio\bin;C:\Users\Maydas\AppData\Local\Programs\Microsoft VS Code\bin;C:\Program Files\JetBrains\IntelliJ IDEA Community Edition 2022.3.1\bin;
USERNAME=Maydas
OS=Windows_NT
PROCESSOR_IDENTIFIER=Intel64 Family 6 Model 141 Stepping 1, GenuineIntel
TMP=C:\Users\Maydas\AppData\Local\Temp
TEMP=C:\Users\Maydas\AppData\Local\Temp



---------------  S Y S T E M  ---------------

OS:
 Windows 11 , 64 bit Build 22621 (10.0.22621.1485)
OS uptime: 0 days 23:00 hours
Hyper-V role detected

CPU: total 12 (initial active 12) (6 cores per cpu, 2 threads per core) family 6 model 141 stepping 1 microcode 0x3c, cx8, cmov, fxsr, ht, mmx, 3dnowpref, sse, sse2, sse3, ssse3, sse4.1, sse4.2, popcnt, lzcnt, tsc, tscinvbit, avx, avx2, aes, erms, clmul, bmi1, bmi2, adx, avx512f, avx512dq, avx512cd, avx512bw, avx512vl, sha, fma, vzeroupper, avx512_vpopcntdq, avx512_vpclmulqdq, avx512_vaes, avx512_vnni, clflush, clflushopt, clwb, avx512_vbmi2, avx512_vbmi, hv, rdtscp, rdpid, fsrm, gfni, avx512_bitalg

Memory: 4k page, system-wide physical 16163M (5928M free)
TotalPageFile size 18595M (AvailPageFile size 2669M)
current process WorkingSet (physical memory assigned to process): 87M, peak: 90M
current process commit charge ("private bytes"): 370M, peak: 375M

vm_info: Java HotSpot(TM) 64-Bit Server VM (19.0.2+7-44) for windows-amd64 JRE (19.0.2+7-44), built on 2022-11-30T18:02:09Z by "mach5one" with MS VC++ 17.1 (VS2022)

END.
